  BG_Collisions.cpp
  arm-none-eabi-g++ -MMD -MP -MF /t/GameDev/SourceTreeProjects/GBAProjects/GBAGame/ProjectFiles/build/BG_Collisions.d -gdwarf-2 -Wall -O2 -mcpu=arm7tdmi -mtune=arm7tdmi -mthumb -mthumb-interwork -iquote /t/GameDev/SourceTreeProjects/GBAProjects/GBAGame/ProjectFiles/include -iquote /t/GameDev/SourceTreeProjects/GBAProjects/GBAGame/ProjectFiles/images -I/f/devkitPro/libgba/include -I/t/GameDev/SourceTreeProjects/GBAProjects/GBAGame/ProjectFiles/build -fno-rtti -fno-exceptions -c /t/GameDev/SourceTreeProjects/GBAProjects/GBAGame/ProjectFiles/images/BG_Collisions.cpp -o BG_Collisions.o 
  BG_Maps.cpp
  arm-none-eabi-g++ -MMD -MP -MF /t/GameDev/SourceTreeProjects/GBAProjects/GBAGame/ProjectFiles/build/BG_Maps.d -gdwarf-2 -Wall -O2 -mcpu=arm7tdmi -mtune=arm7tdmi -mthumb -mthumb-interwork -iquote /t/GameDev/SourceTreeProjects/GBAProjects/GBAGame/ProjectFiles/include -iquote /t/GameDev/SourceTreeProjects/GBAProjects/GBAGame/ProjectFiles/images -I/f/devkitPro/libgba/include -I/t/GameDev/SourceTreeProjects/GBAProjects/GBAGame/ProjectFiles/build -fno-rtti -fno-exceptions -c /t/GameDev/SourceTreeProjects/GBAProjects/GBAGame/ProjectFiles/images/BG_Maps.cpp -o BG_Maps.o 
  BG_Palette.cpp
  arm-none-eabi-g++ -MMD -MP -MF /t/GameDev/SourceTreeProjects/GBAProjects/GBAGame/ProjectFiles/build/BG_Palette.d -gdwarf-2 -Wall -O2 -mcpu=arm7tdmi -mtune=arm7tdmi -mthumb -mthumb-interwork -iquote /t/GameDev/SourceTreeProjects/GBAProjects/GBAGame/ProjectFiles/include -iquote /t/GameDev/SourceTreeProjects/GBAProjects/GBAGame/ProjectFiles/images -I/f/devkitPro/libgba/include -I/t/GameDev/SourceTreeProjects/GBAProjects/GBAGame/ProjectFiles/build -fno-rtti -fno-exceptions -c /t/GameDev/SourceTreeProjects/GBAProjects/GBAGame/ProjectFiles/images/BG_Palette.cpp -o BG_Palette.o 
  BG_Tiles.cpp
  arm-none-eabi-g++ -MMD -MP -MF /t/GameDev/SourceTreeProjects/GBAProjects/GBAGame/ProjectFiles/build/BG_Tiles.d -gdwarf-2 -Wall -O2 -mcpu=arm7tdmi -mtune=arm7tdmi -mthumb -mthumb-interwork -iquote /t/GameDev/SourceTreeProjects/GBAProjects/GBAGame/ProjectFiles/include -iquote /t/GameDev/SourceTreeProjects/GBAProjects/GBAGame/ProjectFiles/images -I/f/devkitPro/libgba/include -I/t/GameDev/SourceTreeProjects/GBAProjects/GBAGame/ProjectFiles/build -fno-rtti -fno-exceptions -c /t/GameDev/SourceTreeProjects/GBAProjects/GBAGame/ProjectFiles/images/BG_Tiles.cpp -o BG_Tiles.o 
  Collision.c
  arm-none-eabi-gcc -MMD -MP -MF /t/GameDev/SourceTreeProjects/GBAProjects/GBAGame/ProjectFiles/build/Collision.d -gdwarf-2 -Wall -O2 -mcpu=arm7tdmi -mtune=arm7tdmi -mthumb -mthumb-interwork -iquote /t/GameDev/SourceTreeProjects/GBAProjects/GBAGame/ProjectFiles/include -iquote /t/GameDev/SourceTreeProjects/GBAProjects/GBAGame/ProjectFiles/images -I/f/devkitPro/libgba/include -I/t/GameDev/SourceTreeProjects/GBAProjects/GBAGame/ProjectFiles/build -c /t/GameDev/SourceTreeProjects/GBAProjects/GBAGame/ProjectFiles/source/Collision.c -o Collision.o 
  Enemy.c
  arm-none-eabi-gcc -MMD -MP -MF /t/GameDev/SourceTreeProjects/GBAProjects/GBAGame/ProjectFiles/build/Enemy.d -gdwarf-2 -Wall -O2 -mcpu=arm7tdmi -mtune=arm7tdmi -mthumb -mthumb-interwork -iquote /t/GameDev/SourceTreeProjects/GBAProjects/GBAGame/ProjectFiles/include -iquote /t/GameDev/SourceTreeProjects/GBAProjects/GBAGame/ProjectFiles/images -I/f/devkitPro/libgba/include -I/t/GameDev/SourceTreeProjects/GBAProjects/GBAGame/ProjectFiles/build -c /t/GameDev/SourceTreeProjects/GBAProjects/GBAGame/ProjectFiles/source/Enemy.c -o Enemy.o 
  MemoryManager.c
  arm-none-eabi-gcc -MMD -MP -MF /t/GameDev/SourceTreeProjects/GBAProjects/GBAGame/ProjectFiles/build/MemoryManager.d -gdwarf-2 -Wall -O2 -mcpu=arm7tdmi -mtune=arm7tdmi -mthumb -mthumb-interwork -iquote /t/GameDev/SourceTreeProjects/GBAProjects/GBAGame/ProjectFiles/include -iquote /t/GameDev/SourceTreeProjects/GBAProjects/GBAGame/ProjectFiles/images -I/f/devkitPro/libgba/include -I/t/GameDev/SourceTreeProjects/GBAProjects/GBAGame/ProjectFiles/build -c /t/GameDev/SourceTreeProjects/GBAProjects/GBAGame/ProjectFiles/source/MemoryManager.c -o MemoryManager.o 
  t:/GameDev/SourceTreeProjects/GBAProjects/GBAGame/ProjectFiles/source/MemoryManager.c: In function 'GetFreeTile':
t:/GameDev/SourceTreeProjects/GBAProjects/GBAGame/ProjectFiles/source/MemoryManager.c(31,1): warning G72058F8C: control reaches end of non-void function [-Wreturn-type]
   }
   ^
  t:/GameDev/SourceTreeProjects/GBAProjects/GBAGame/ProjectFiles/source/MemoryManager.c: In function 'GetFreeTileWSpace':
t:/GameDev/SourceTreeProjects/GBAProjects/GBAGame/ProjectFiles/source/MemoryManager.c(52,1): warning G72058F8C: control reaches end of non-void function [-Wreturn-type]
   }
   ^
  t:/GameDev/SourceTreeProjects/GBAProjects/GBAGame/ProjectFiles/source/MemoryManager.c: In function 'GetFreeSprite':
t:/GameDev/SourceTreeProjects/GBAProjects/GBAGame/ProjectFiles/source/MemoryManager.c(244,1): warning G72058F8C: control reaches end of non-void function [-Wreturn-type]
   }
   ^
  t:/GameDev/SourceTreeProjects/GBAProjects/GBAGame/ProjectFiles/source/MemoryManager.c: In function 'DropSprite':
t:/GameDev/SourceTreeProjects/GBAProjects/GBAGame/ProjectFiles/source/MemoryManager.c(263,5): warning G69F8B686: 'bitValue' may be used uninitialized in this function [-Wmaybe-uninitialized]
    u8 bitValue; // Stores what bit to edit
       ^~~~~~~~
  ParticleSystem.c
  arm-none-eabi-gcc -MMD -MP -MF /t/GameDev/SourceTreeProjects/GBAProjects/GBAGame/ProjectFiles/build/ParticleSystem.d -gdwarf-2 -Wall -O2 -mcpu=arm7tdmi -mtune=arm7tdmi -mthumb -mthumb-interwork -iquote /t/GameDev/SourceTreeProjects/GBAProjects/GBAGame/ProjectFiles/include -iquote /t/GameDev/SourceTreeProjects/GBAProjects/GBAGame/ProjectFiles/images -I/f/devkitPro/libgba/include -I/t/GameDev/SourceTreeProjects/GBAProjects/GBAGame/ProjectFiles/build -c /t/GameDev/SourceTreeProjects/GBAProjects/GBAGame/ProjectFiles/source/ParticleSystem.c -o ParticleSystem.o 
  Player.c
  arm-none-eabi-gcc -MMD -MP -MF /t/GameDev/SourceTreeProjects/GBAProjects/GBAGame/ProjectFiles/build/Player.d -gdwarf-2 -Wall -O2 -mcpu=arm7tdmi -mtune=arm7tdmi -mthumb -mthumb-interwork -iquote /t/GameDev/SourceTreeProjects/GBAProjects/GBAGame/ProjectFiles/include -iquote /t/GameDev/SourceTreeProjects/GBAProjects/GBAGame/ProjectFiles/images -I/f/devkitPro/libgba/include -I/t/GameDev/SourceTreeProjects/GBAProjects/GBAGame/ProjectFiles/build -c /t/GameDev/SourceTreeProjects/GBAProjects/GBAGame/ProjectFiles/source/Player.c -o Player.o 
  Projectile.c
  arm-none-eabi-gcc -MMD -MP -MF /t/GameDev/SourceTreeProjects/GBAProjects/GBAGame/ProjectFiles/build/Projectile.d -gdwarf-2 -Wall -O2 -mcpu=arm7tdmi -mtune=arm7tdmi -mthumb -mthumb-interwork -iquote /t/GameDev/SourceTreeProjects/GBAProjects/GBAGame/ProjectFiles/include -iquote /t/GameDev/SourceTreeProjects/GBAProjects/GBAGame/ProjectFiles/images -I/f/devkitPro/libgba/include -I/t/GameDev/SourceTreeProjects/GBAProjects/GBAGame/ProjectFiles/build -c /t/GameDev/SourceTreeProjects/GBAProjects/GBAGame/ProjectFiles/source/Projectile.c -o Projectile.o 
  fv2.c
  arm-none-eabi-gcc -MMD -MP -MF /t/GameDev/SourceTreeProjects/GBAProjects/GBAGame/ProjectFiles/build/fv2.d -gdwarf-2 -Wall -O2 -mcpu=arm7tdmi -mtune=arm7tdmi -mthumb -mthumb-interwork -iquote /t/GameDev/SourceTreeProjects/GBAProjects/GBAGame/ProjectFiles/include -iquote /t/GameDev/SourceTreeProjects/GBAProjects/GBAGame/ProjectFiles/images -I/f/devkitPro/libgba/include -I/t/GameDev/SourceTreeProjects/GBAProjects/GBAGame/ProjectFiles/build -c /t/GameDev/SourceTreeProjects/GBAProjects/GBAGame/ProjectFiles/source/fv2.c -o fv2.o 
  gba_drawing.c
  arm-none-eabi-gcc -MMD -MP -MF /t/GameDev/SourceTreeProjects/GBAProjects/GBAGame/ProjectFiles/build/gba_drawing.d -gdwarf-2 -Wall -O2 -mcpu=arm7tdmi -mtune=arm7tdmi -mthumb -mthumb-interwork -iquote /t/GameDev/SourceTreeProjects/GBAProjects/GBAGame/ProjectFiles/include -iquote /t/GameDev/SourceTreeProjects/GBAProjects/GBAGame/ProjectFiles/images -I/f/devkitPro/libgba/include -I/t/GameDev/SourceTreeProjects/GBAProjects/GBAGame/ProjectFiles/build -c /t/GameDev/SourceTreeProjects/GBAProjects/GBAGame/ProjectFiles/source/gba_drawing.c -o gba_drawing.o 
  gba_gfx.c
  arm-none-eabi-gcc -MMD -MP -MF /t/GameDev/SourceTreeProjects/GBAProjects/GBAGame/ProjectFiles/build/gba_gfx.d -gdwarf-2 -Wall -O2 -mcpu=arm7tdmi -mtune=arm7tdmi -mthumb -mthumb-interwork -iquote /t/GameDev/SourceTreeProjects/GBAProjects/GBAGame/ProjectFiles/include -iquote /t/GameDev/SourceTreeProjects/GBAProjects/GBAGame/ProjectFiles/images -I/f/devkitPro/libgba/include -I/t/GameDev/SourceTreeProjects/GBAProjects/GBAGame/ProjectFiles/build -c /t/GameDev/SourceTreeProjects/GBAProjects/GBAGame/ProjectFiles/source/gba_gfx.c -o gba_gfx.o 
  gba_input.c
  arm-none-eabi-gcc -MMD -MP -MF /t/GameDev/SourceTreeProjects/GBAProjects/GBAGame/ProjectFiles/build/gba_input.d -gdwarf-2 -Wall -O2 -mcpu=arm7tdmi -mtune=arm7tdmi -mthumb -mthumb-interwork -iquote /t/GameDev/SourceTreeProjects/GBAProjects/GBAGame/ProjectFiles/include -iquote /t/GameDev/SourceTreeProjects/GBAProjects/GBAGame/ProjectFiles/images -I/f/devkitPro/libgba/include -I/t/GameDev/SourceTreeProjects/GBAProjects/GBAGame/ProjectFiles/build -c /t/GameDev/SourceTreeProjects/GBAProjects/GBAGame/ProjectFiles/source/gba_input.c -o gba_input.o 
  gba_math.c
  arm-none-eabi-gcc -MMD -MP -MF /t/GameDev/SourceTreeProjects/GBAProjects/GBAGame/ProjectFiles/build/gba_math.d -gdwarf-2 -Wall -O2 -mcpu=arm7tdmi -mtune=arm7tdmi -mthumb -mthumb-interwork -iquote /t/GameDev/SourceTreeProjects/GBAProjects/GBAGame/ProjectFiles/include -iquote /t/GameDev/SourceTreeProjects/GBAProjects/GBAGame/ProjectFiles/images -I/f/devkitPro/libgba/include -I/t/GameDev/SourceTreeProjects/GBAProjects/GBAGame/ProjectFiles/build -c /t/GameDev/SourceTreeProjects/GBAProjects/GBAGame/ProjectFiles/source/gba_math.c -o gba_math.o 
  gba_mathUtil.c
  arm-none-eabi-gcc -MMD -MP -MF /t/GameDev/SourceTreeProjects/GBAProjects/GBAGame/ProjectFiles/build/gba_mathUtil.d -gdwarf-2 -Wall -O2 -mcpu=arm7tdmi -mtune=arm7tdmi -mthumb -mthumb-interwork -iquote /t/GameDev/SourceTreeProjects/GBAProjects/GBAGame/ProjectFiles/include -iquote /t/GameDev/SourceTreeProjects/GBAProjects/GBAGame/ProjectFiles/images -I/f/devkitPro/libgba/include -I/t/GameDev/SourceTreeProjects/GBAProjects/GBAGame/ProjectFiles/build -c /t/GameDev/SourceTreeProjects/GBAProjects/GBAGame/ProjectFiles/source/gba_mathUtil.c -o gba_mathUtil.o 
  main.c
  arm-none-eabi-gcc -MMD -MP -MF /t/GameDev/SourceTreeProjects/GBAProjects/GBAGame/ProjectFiles/build/main.d -gdwarf-2 -Wall -O2 -mcpu=arm7tdmi -mtune=arm7tdmi -mthumb -mthumb-interwork -iquote /t/GameDev/SourceTreeProjects/GBAProjects/GBAGame/ProjectFiles/include -iquote /t/GameDev/SourceTreeProjects/GBAProjects/GBAGame/ProjectFiles/images -I/f/devkitPro/libgba/include -I/t/GameDev/SourceTreeProjects/GBAProjects/GBAGame/ProjectFiles/build -c /t/GameDev/SourceTreeProjects/GBAProjects/GBAGame/ProjectFiles/source/main.c -o main.o 
  t:/GameDev/SourceTreeProjects/GBAProjects/GBAGame/ProjectFiles/source/main.c: In function 'MoveMap':
t:/GameDev/SourceTreeProjects/GBAProjects/GBAGame/ProjectFiles/source/main.c(263,2): warning GB774866A: enumeration value 'IDLEDOWN' not handled in switch [-Wswitch]
    switch (*(a_anim))
    ^~~~~~
t:/GameDev/SourceTreeProjects/GBAProjects/GBAGame/ProjectFiles/source/main.c(263,2): warning GB774866A: enumeration value 'IDLEUP' not handled in switch [-Wswitch]
t:/GameDev/SourceTreeProjects/GBAProjects/GBAGame/ProjectFiles/source/main.c(263,2): warning GB774866A: enumeration value 'IDLELEFT' not handled in switch [-Wswitch]
t:/GameDev/SourceTreeProjects/GBAProjects/GBAGame/ProjectFiles/source/main.c(263,2): warning GB774866A: enumeration value 'IDLERIGHT' not handled in switch [-Wswitch]
t:/GameDev/SourceTreeProjects/GBAProjects/GBAGame/ProjectFiles/source/main.c(263,2): warning GB774866A: enumeration value 'WALKLEFT' not handled in switch [-Wswitch]
t:/GameDev/SourceTreeProjects/GBAProjects/GBAGame/ProjectFiles/source/main.c(263,2): warning GB774866A: enumeration value 'WALKRIGHT' not handled in switch [-Wswitch]
t:/GameDev/SourceTreeProjects/GBAProjects/GBAGame/ProjectFiles/source/main.c(263,2): warning GB774866A: enumeration value 'RUNLEFT' not handled in switch [-Wswitch]
t:/GameDev/SourceTreeProjects/GBAProjects/GBAGame/ProjectFiles/source/main.c(263,2): warning GB774866A: enumeration value 'RUNRIGHT' not handled in switch [-Wswitch]
  sinlut.c
  arm-none-eabi-gcc -MMD -MP -MF /t/GameDev/SourceTreeProjects/GBAProjects/GBAGame/ProjectFiles/build/sinlut.d -gdwarf-2 -Wall -O2 -mcpu=arm7tdmi -mtune=arm7tdmi -mthumb -mthumb-interwork -iquote /t/GameDev/SourceTreeProjects/GBAProjects/GBAGame/ProjectFiles/include -iquote /t/GameDev/SourceTreeProjects/GBAProjects/GBAGame/ProjectFiles/images -I/f/devkitPro/libgba/include -I/t/GameDev/SourceTreeProjects/GBAProjects/GBAGame/ProjectFiles/build -c /t/GameDev/SourceTreeProjects/GBAProjects/GBAGame/ProjectFiles/source/sinlut.c -o sinlut.o 
  CharacterSheet.c
  arm-none-eabi-gcc -MMD -MP -MF /t/GameDev/SourceTreeProjects/GBAProjects/GBAGame/ProjectFiles/build/CharacterSheet.d -gdwarf-2 -Wall -O2 -mcpu=arm7tdmi -mtune=arm7tdmi -mthumb -mthumb-interwork -iquote /t/GameDev/SourceTreeProjects/GBAProjects/GBAGame/ProjectFiles/include -iquote /t/GameDev/SourceTreeProjects/GBAProjects/GBAGame/ProjectFiles/images -I/f/devkitPro/libgba/include -I/t/GameDev/SourceTreeProjects/GBAProjects/GBAGame/ProjectFiles/build -c /t/GameDev/SourceTreeProjects/GBAProjects/GBAGame/ProjectFiles/images/CharacterSheet.c -o CharacterSheet.o 
  EmberParticle.c
  arm-none-eabi-gcc -MMD -MP -MF /t/GameDev/SourceTreeProjects/GBAProjects/GBAGame/ProjectFiles/build/EmberParticle.d -gdwarf-2 -Wall -O2 -mcpu=arm7tdmi -mtune=arm7tdmi -mthumb -mthumb-interwork -iquote /t/GameDev/SourceTreeProjects/GBAProjects/GBAGame/ProjectFiles/include -iquote /t/GameDev/SourceTreeProjects/GBAProjects/GBAGame/ProjectFiles/images -I/f/devkitPro/libgba/include -I/t/GameDev/SourceTreeProjects/GBAProjects/GBAGame/ProjectFiles/build -c /t/GameDev/SourceTreeProjects/GBAProjects/GBAGame/ProjectFiles/images/EmberParticle.c -o EmberParticle.o 
  HFireball.c
  arm-none-eabi-gcc -MMD -MP -MF /t/GameDev/SourceTreeProjects/GBAProjects/GBAGame/ProjectFiles/build/HFireball.d -gdwarf-2 -Wall -O2 -mcpu=arm7tdmi -mtune=arm7tdmi -mthumb -mthumb-interwork -iquote /t/GameDev/SourceTreeProjects/GBAProjects/GBAGame/ProjectFiles/include -iquote /t/GameDev/SourceTreeProjects/GBAProjects/GBAGame/ProjectFiles/images -I/f/devkitPro/libgba/include -I/t/GameDev/SourceTreeProjects/GBAProjects/GBAGame/ProjectFiles/build -c /t/GameDev/SourceTreeProjects/GBAProjects/GBAGame/ProjectFiles/images/HFireball.c -o HFireball.o 
  Knight.c
  arm-none-eabi-gcc -MMD -MP -MF /t/GameDev/SourceTreeProjects/GBAProjects/GBAGame/ProjectFiles/build/Knight.d -gdwarf-2 -Wall -O2 -mcpu=arm7tdmi -mtune=arm7tdmi -mthumb -mthumb-interwork -iquote /t/GameDev/SourceTreeProjects/GBAProjects/GBAGame/ProjectFiles/include -iquote /t/GameDev/SourceTreeProjects/GBAProjects/GBAGame/ProjectFiles/images -I/f/devkitPro/libgba/include -I/t/GameDev/SourceTreeProjects/GBAProjects/GBAGame/ProjectFiles/build -c /t/GameDev/SourceTreeProjects/GBAProjects/GBAGame/ProjectFiles/images/Knight.c -o Knight.o 
  Mage.c
  arm-none-eabi-gcc -MMD -MP -MF /t/GameDev/SourceTreeProjects/GBAProjects/GBAGame/ProjectFiles/build/Mage.d -gdwarf-2 -Wall -O2 -mcpu=arm7tdmi -mtune=arm7tdmi -mthumb -mthumb-interwork -iquote /t/GameDev/SourceTreeProjects/GBAProjects/GBAGame/ProjectFiles/include -iquote /t/GameDev/SourceTreeProjects/GBAProjects/GBAGame/ProjectFiles/images -I/f/devkitPro/libgba/include -I/t/GameDev/SourceTreeProjects/GBAProjects/GBAGame/ProjectFiles/build -c /t/GameDev/SourceTreeProjects/GBAProjects/GBAGame/ProjectFiles/images/Mage.c -o Mage.o 
  TitleScreen.c
  arm-none-eabi-gcc -MMD -MP -MF /t/GameDev/SourceTreeProjects/GBAProjects/GBAGame/ProjectFiles/build/TitleScreen.d -gdwarf-2 -Wall -O2 -mcpu=arm7tdmi -mtune=arm7tdmi -mthumb -mthumb-interwork -iquote /t/GameDev/SourceTreeProjects/GBAProjects/GBAGame/ProjectFiles/include -iquote /t/GameDev/SourceTreeProjects/GBAProjects/GBAGame/ProjectFiles/images -I/f/devkitPro/libgba/include -I/t/GameDev/SourceTreeProjects/GBAProjects/GBAGame/ProjectFiles/build -c /t/GameDev/SourceTreeProjects/GBAProjects/GBAGame/ProjectFiles/images/TitleScreen.c -o TitleScreen.o 
  VFireball.c
  arm-none-eabi-gcc -MMD -MP -MF /t/GameDev/SourceTreeProjects/GBAProjects/GBAGame/ProjectFiles/build/VFireball.d -gdwarf-2 -Wall -O2 -mcpu=arm7tdmi -mtune=arm7tdmi -mthumb -mthumb-interwork -iquote /t/GameDev/SourceTreeProjects/GBAProjects/GBAGame/ProjectFiles/include -iquote /t/GameDev/SourceTreeProjects/GBAProjects/GBAGame/ProjectFiles/images -I/f/devkitPro/libgba/include -I/t/GameDev/SourceTreeProjects/GBAProjects/GBAGame/ProjectFiles/build -c /t/GameDev/SourceTreeProjects/GBAProjects/GBAGame/ProjectFiles/images/VFireball.c -o VFireball.o 
  linking cartridge
  built ... ProjectFiles.gba
  ROM fixed!
